2023-08-06 07:49:18.436549 - Initialized conversion of CBT827
2023-08-06 07:49:18.609332 - Received CBT.V505.FILE827.PDS from FILE827.XMI 
2023-08-06 07:49:18.611936 - Found $$$#DATE.txt (text/plain) in CBT.V505.FILE827.PDS, moved to PDS/$$$#DATE
2023-08-06 07:49:18.613056 - Found $$NOTE1.txt (text/plain) in CBT.V505.FILE827.PDS, moved to PDS/$$NOTE1
2023-08-06 07:49:18.614149 - Found $$README.txt (text/plain) in CBT.V505.FILE827.PDS, moved to PDS/$$README
2023-08-06 07:49:18.615118 - Found $RFLDOLD.txt (text/plain) in CBT.V505.FILE827.PDS, moved to PDS/$RFLDOLD
2023-08-06 07:49:18.616180 - Found #RLP.rexx (text/plain) in CBT.V505.FILE827.PDS, moved to PDS/#RLP
2023-08-06 07:49:18.617078 - Found @FILE827.txt (text/plain) in CBT.V505.FILE827.PDS, moved to PDS/@FILE827
2023-08-06 07:49:18.618159 - Found CONFIRM.txt (text/plain) in CBT.V505.FILE827.PDS, moved to PDS/CONFIRM
2023-08-06 07:49:18.619123 - Found RFLDOLD.txt (text/plain) in CBT.V505.FILE827.PDS, moved to PDS/RFLDOLD
2023-08-06 07:49:18.619959 - Found RFMAI50.txt (text/plain) in CBT.V505.FILE827.PDS, moved to PDS/RFMAI50
2023-08-06 07:49:18.620827 - Found RLP.rexx (text/plain) in CBT.V505.FILE827.PDS, moved to PDS/RLP
2023-08-06 07:49:18.621754 - Found RLPH00.txt (text/plain) in CBT.V505.FILE827.PDS, moved to PDS/RLPH00
2023-08-06 07:49:18.622720 - Found RLPH01.txt (text/plain) in CBT.V505.FILE827.PDS, moved to PDS/RLPH01
2023-08-06 07:49:18.623627 - Found RLPH01A.txt (text/plain) in CBT.V505.FILE827.PDS, moved to PDS/RLPH01A
2023-08-06 07:49:18.624528 - Found RLPH01B.txt (text/plain) in CBT.V505.FILE827.PDS, moved to PDS/RLPH01B
2023-08-06 07:49:18.625490 - Found RLPH02.txt (text/plain) in CBT.V505.FILE827.PDS, moved to PDS/RLPH02
2023-08-06 07:49:18.626396 - Found RLPH03.txt (text/plain) in CBT.V505.FILE827.PDS, moved to PDS/RLPH03
2023-08-06 07:49:18.627281 - Found RLPH04.txt (text/plain) in CBT.V505.FILE827.PDS, moved to PDS/RLPH04
2023-08-06 07:49:18.628158 - Found RLPP00.txt (text/plain) in CBT.V505.FILE827.PDS, moved to PDS/RLPP00
2023-08-06 07:49:18.629048 - Found RLPP01.txt (text/plain) in CBT.V505.FILE827.PDS, moved to PDS/RLPP01
2023-08-06 07:49:18.630052 - Found RLPP02.txt (text/plain) in CBT.V505.FILE827.PDS, moved to PDS/RLPP02
2023-08-06 07:49:18.631030 - Found RLPP03.txt (text/plain) in CBT.V505.FILE827.PDS, moved to PDS/RLPP03
2023-08-06 07:49:18.632019 - Found RLP02.rexx (text/plain) in CBT.V505.FILE827.PDS, moved to PDS/RLP02
2023-08-06 07:49:18.632979 - Found X.txt (text/plain) in CBT.V505.FILE827.PDS, moved to PDS/X
